<?xml version="1.0" encoding="UTF-8"?>
<!-- Generated by org.testng.reporters.JUnitReportReporter -->
<testsuite hostname="DESKTOP-4TF7BK4" failures="0" tests="3" name="Package2.Login" time="19.474" errors="0" timestamp="2024-03-03T01:44:33 PKT" skipped="0">
  <testcase classname="Package2.Login" name="LaunchApp" time="9.852"/>
  <system-out/>
  <testcase classname="Package2.Login" name="LoginDev" time="9.511"/>
  <system-out/>
  <testcase classname="Package2.Login" name="VerifyLoginTestcase" time="0.111"/>
  <system-out/>
</testsuite> <!-- Package2.Login -->
