<?xml version="1.0" encoding="UTF-8"?>
<!-- Generated by org.testng.reporters.JUnitReportReporter -->
<testsuite hostname="DESKTOP-4TF7BK4" failures="0" tests="1" name="TestClass" time="0.009" errors="0" timestamp="2024-02-13T14:52:49 PKT" skipped="0">
  <testcase classname="TestClass" name="foo" time="0.009"/>
  <system-out/>
</testsuite> <!-- TestClass -->
