<?xml version="1.0" encoding="UTF-8"?>
<!-- Generated by org.testng.reporters.JUnitReportReporter -->
<testsuite hostname="DESKTOP-4TF7BK4" failures="0" tests="3" name="Package2.CheckClass" time="25.417" errors="0" timestamp="2024-03-03T01:05:59 PKT" skipped="0">
  <testcase classname="Package2.CheckClass" name="LaunchApp" time="7.665"/>
  <system-out/>
  <testcase classname="Package2.CheckClass" name="LoginDev" time="17.691"/>
  <system-out/>
  <testcase classname="Package2.CheckClass" name="VerifyLoginTestcase" time="0.061"/>
  <system-out/>
</testsuite> <!-- Package2.CheckClass -->
