<?xml version="1.0" encoding="UTF-8"?>
<!-- Generated by org.testng.reporters.JUnitReportReporter -->
<testsuite hostname="DESKTOP-4TF7BK4" failures="0" tests="3" name="Package2.RegistrationDev" time="19.091" errors="0" timestamp="2024-03-03T01:41:22 PKT" skipped="0">
  <testcase classname="Package2.RegistrationDev" name="VerifyRegistrationTestcase" time="0.015"/>
  <system-out/>
  <testcase classname="Package2.RegistrationDev" name="RegistrationOfDev" time="11.923"/>
  <system-out/>
  <testcase classname="Package2.RegistrationDev" name="LaunchApp" time="7.153"/>
  <system-out/>
</testsuite> <!-- Package2.RegistrationDev -->
