<?xml version="1.0" encoding="UTF-8"?>
<!-- Generated by org.testng.reporters.JUnitReportReporter -->
<testsuite hostname="DESKTOP-4TF7BK4" failures="0" tests="2" name="Package2.baseClass" time="43.439" errors="0" timestamp="2024-10-01T10:36:03 PKT" skipped="0">
  <testcase classname="Package2.baseClass" name="LaunchApp" time="24.819"/>
  <system-out/>
  <testcase classname="Package2.baseClass" name="LoginDev" time="18.620"/>
  <system-out/>
</testsuite> <!-- Package2.baseClass -->
