<?xml version="1.0" encoding="UTF-8"?>
<!-- Generated by org.testng.reporters.JUnitReportReporter -->
<testsuite hostname="DESKTOP-4TF7BK4" failures="0" tests="3" name="Package1.FirstTest" time="19.526" errors="0" timestamp="2024-02-20T13:00:27 PKT" skipped="0">
  <testcase classname="Package1.FirstTest" name="LoginDev" time="14.847"/>
  <system-out/>
  <testcase classname="Package1.FirstTest" name="LaunchApp" time="4.491"/>
  <system-out/>
  <testcase classname="Package1.FirstTest" name="VerifyLoginTestcase" time="0.188"/>
  <system-out/>
</testsuite> <!-- Package1.FirstTest -->
